# JRE version: Java(TM) SE Runtime Environment (8.0_73-b02) (build 1.8.0_73-b02)
# Java VM: Java HotSpot(TM) 64-Bit Server VM (25.73-b02 mixed mode bsd-amd64 compressed oops)
Heap:
 PSYoungGen      total 215040K, used 104459K [0x000000076ab00000, 0x000000077fa80000, 0x00000007c0000000)
  eden space 199680K, 52% used [0x000000076ab00000,0x0000000771102d00,0x0000000776e00000)
  from space 15360K, 0% used [0x0000000776e00000,0x0000000776e00000,0x0000000777d00000)
  to   space 15872K, 0% used [0x000000077eb00000,0x000000077eb00000,0x000000077fa80000)
 ParOldGen       total 166400K, used 24351K [0x00000006c0000000, 0x00000006ca280000, 0x000000076ab00000)
  object space 166400K, 14% used [0x00000006c0000000,0x00000006c17c7e30,0x00000006ca280000)
 Metaspace       used 39419K, capacity 39816K, committed 40192K, reserved 1085440K
  class space    used 4730K, capacity 4851K, committed 4864K, reserved 1048576K
GC Heap History (10 events):
Event: 1.601 GC heap before
{Heap before GC invocations=5 (full 1):
 PSYoungGen      total 141824K, used 10743K [0x000000076ab00000, 0x0000000774000000, 0x00000007c0000000)
  eden space 131072K, 0% used [0x000000076ab00000,0x000000076ab00000,0x0000000772b00000)
  from space 10752K, 99% used [0x0000000773580000,0x0000000773ffdf48,0x0000000774000000)
  to   space 10752K, 0% used [0x0000000772b00000,0x0000000772b00000,0x0000000773580000)
 ParOldGen       total 175104K, used 2214K [0x00000006c0000000, 0x00000006cab00000, 0x000000076ab00000)
  object space 175104K, 1% used [0x00000006c0000000,0x00000006c0229a98,0x00000006cab00000)
 Metaspace       used 20813K, capacity 21100K, committed 21296K, reserved 1069056K
  class space    used 2537K, capacity 2606K, committed 2688K, reserved 1048576K
Event: 1.628 GC heap after
Heap after GC invocations=5 (full 1):
 PSYoungGen      total 141824K, used 0K [0x000000076ab00000, 0x0000000774000000, 0x00000007c0000000)
  eden space 131072K, 0% used [0x000000076ab00000,0x000000076ab00000,0x0000000772b00000)
  from space 10752K, 0% used [0x0000000773580000,0x0000000773580000,0x0000000774000000)
  to   space 10752K, 0% used [0x0000000772b00000,0x0000000772b00000,0x0000000773580000)
 ParOldGen       total 105472K, used 10821K [0x00000006c0000000, 0x00000006c6700000, 0x000000076ab00000)
  object space 105472K, 10% used [0x00000006c0000000,0x00000006c0a916d0,0x00000006c6700000)
 Metaspace       used 20813K, capacity 21100K, committed 21296K, reserved 1069056K
  class space    used 2537K, capacity 2606K, committed 2688K, reserved 1048576K
}
Event: 2.726 GC heap before
{Heap before GC invocations=6 (full 1):
 PSYoungGen      total 141824K, used 131072K [0x000000076ab00000, 0x0000000774000000, 0x00000007c0000000)
  eden space 131072K, 100% used [0x000000076ab00000,0x0000000772b00000,0x0000000772b00000)
  from space 10752K, 0% used [0x0000000773580000,0x0000000773580000,0x0000000774000000)
  to   space 10752K, 0% used [0x0000000772b00000,0x0000000772b00000,0x0000000773580000)
 ParOldGen       total 105472K, used 10821K [0x00000006c0000000, 0x00000006c6700000, 0x000000076ab00000)
  object space 105472K, 10% used [0x00000006c0000000,0x00000006c0a916d0,0x00000006c6700000)
 Metaspace       used 27775K, capacity 28138K, committed 28416K, reserved 1075200K
  class space    used 3394K, capacity 3514K, committed 3584K, reserved 1048576K
Event: 2.735 GC heap after
Heap after GC invocations=6 (full 1):
 PSYoungGen      total 141824K, used 10743K [0x000000076ab00000, 0x0000000778a00000, 0x00000007c0000000)
  eden space 131072K, 0% used [0x000000076ab00000,0x000000076ab00000,0x0000000772b00000)
  from space 10752K, 99% used [0x0000000772b00000,0x000000077357dd58,0x0000000773580000)
  to   space 12800K, 0% used [0x0000000777d80000,0x0000000777d80000,0x0000000778a00000)
 ParOldGen       total 105472K, used 10845K [0x00000006c0000000, 0x00000006c6700000, 0x000000076ab00000)
  object space 105472K, 10% used [0x00000006c0000000,0x00000006c0a976d0,0x00000006c6700000)
 Metaspace       used 27775K, capacity 28138K, committed 28416K, reserved 1075200K
  class space    used 3394K, capacity 3514K, committed 3584K, reserved 1048576K
}
Event: 3.714 GC heap before
{Heap before GC invocations=7 (full 1):
 PSYoungGen      total 141824K, used 141815K [0x000000076ab00000, 0x0000000778a00000, 0x00000007c0000000)
  eden space 131072K, 100% used [0x000000076ab00000,0x0000000772b00000,0x0000000772b00000)
  from space 10752K, 99% used [0x0000000772b00000,0x000000077357dd58,0x0000000773580000)
  to   space 12800K, 0% used [0x0000000777d80000,0x0000000777d80000,0x0000000778a00000)
 ParOldGen       total 105472K, used 10845K [0x00000006c0000000, 0x00000006c6700000, 0x000000076ab00000)
  object space 105472K, 10% used [0x00000006c0000000,0x00000006c0a976d0,0x00000006c6700000)
 Metaspace       used 33728K, capacity 34112K, committed 34560K, reserved 1079296K
  class space    used 4112K, capacity 4259K, committed 4352K, reserved 1048576K
Event: 3.727 GC heap after
Heap after GC invocations=7 (full 1):
 PSYoungGen      total 212480K, used 12784K [0x000000076ab00000, 0x0000000778c00000, 0x00000007c0000000)
  eden space 199680K, 0% used [0x000000076ab00000,0x000000076ab00000,0x0000000776e00000)
  from space 12800K, 99% used [0x0000000777d80000,0x00000007789fc058,0x0000000778a00000)
  to   space 15360K, 0% used [0x0000000776e00000,0x0000000776e00000,0x0000000777d00000)
 ParOldGen       total 105472K, used 13568K [0x00000006c0000000, 0x00000006c6700000, 0x000000076ab00000)
  object space 105472K, 12% used [0x00000006c0000000,0x00000006c0d403c8,0x00000006c6700000)
 Metaspace       used 33728K, capacity 34112K, committed 34560K, reserved 1079296K
  class space    used 4112K, capacity 4259K, committed 4352K, reserved 1048576K
}
Event: 4.029 GC heap before
{Heap before GC invocations=8 (full 1):
 PSYoungGen      total 212480K, used 65971K [0x000000076ab00000, 0x0000000778c00000, 0x00000007c0000000)
  eden space 199680K, 26% used [0x000000076ab00000,0x000000076def0d78,0x0000000776e00000)
  from space 12800K, 99% used [0x0000000777d80000,0x00000007789fc058,0x0000000778a00000)
  to   space 15360K, 0% used [0x0000000776e00000,0x0000000776e00000,0x0000000777d00000)
 ParOldGen       total 105472K, used 13568K [0x00000006c0000000, 0x00000006c6700000, 0x000000076ab00000)
  object space 105472K, 12% used [0x00000006c0000000,0x00000006c0d403c8,0x00000006c6700000)
 Metaspace       used 34812K, capacity 35148K, committed 35456K, reserved 1081344K
  class space    used 4256K, capacity 4389K, committed 4480K, reserved 1048576K
Event: 4.039 GC heap after
Heap after GC invocations=8 (full 1):
 PSYoungGen      total 215040K, used 14263K [0x000000076ab00000, 0x000000077fa80000, 0x00000007c0000000)
  eden space 199680K, 0% used [0x000000076ab00000,0x000000076ab00000,0x0000000776e00000)
  from space 15360K, 92% used [0x0000000776e00000,0x0000000777bedfd0,0x0000000777d00000)
  to   space 15872K, 0% used [0x000000077eb00000,0x000000077eb00000,0x000000077fa80000)
 ParOldGen       total 105472K, used 13576K [0x00000006c0000000, 0x00000006c6700000, 0x000000076ab00000)
  object space 105472K, 12% used [0x00000006c0000000,0x00000006c0d423c8,0x00000006c6700000)
 Metaspace       used 34812K, capacity 35148K, committed 35456K, reserved 1081344K
  class space    used 4256K, capacity 4389K, committed 4480K, reserved 1048576K
}
Event: 4.039 GC heap before
{Heap before GC invocations=9 (full 2):
 PSYoungGen      total 215040K, used 14263K [0x000000076ab00000, 0x000000077fa80000, 0x00000007c0000000)
  eden space 199680K, 0% used [0x000000076ab00000,0x000000076ab00000,0x0000000776e00000)
  from space 15360K, 92% used [0x0000000776e00000,0x0000000777bedfd0,0x0000000777d00000)
  to   space 15872K, 0% used [0x000000077eb00000,0x000000077eb00000,0x000000077fa80000)
 ParOldGen       total 105472K, used 13576K [0x00000006c0000000, 0x00000006c6700000, 0x000000076ab00000)
  object space 105472K, 12% used [0x00000006c0000000,0x00000006c0d423c8,0x00000006c6700000)
 Metaspace       used 34812K, capacity 35148K, committed 35456K, reserved 1081344K
  class space    used 4256K, capacity 4389K, committed 4480K, reserved 1048576K
Event: 4.102 GC heap after
Heap after GC invocations=9 (full 2):
 PSYoungGen      total 215040K, used 0K [0x000000076ab00000, 0x000000077fa80000, 0x00000007c0000000)
  eden space 199680K, 0% used [0x000000076ab00000,0x000000076ab00000,0x0000000776e00000)
  from space 15360K, 0% used [0x0000000776e00000,0x0000000776e00000,0x0000000777d00000)
  to   space 15872K, 0% used [0x000000077eb00000,0x000000077eb00000,0x000000077fa80000)
 ParOldGen       total 166400K, used 24351K [0x00000006c0000000, 0x00000006ca280000, 0x000000076ab00000)
  object space 166400K, 14% used [0x00000006c0000000,0x00000006c17c7e30,0x00000006ca280000)
 Metaspace       used 34808K, capacity 35142K, committed 35456K, reserved 1081344K
  class space    used 4256K, capacity 4388K, committed 4480K, reserved 1048576K
}

