# JRE version: Java(TM) SE Runtime Environment (8.0_73-b02) (build 1.8.0_73-b02)
# Java VM: Java HotSpot(TM) 64-Bit Server VM (25.73-b02 mixed mode bsd-amd64 compressed oops)
Heap:
 PSYoungGen      total 368128K, used 117431K [0x000000076ab00000, 0x0000000782500000, 0x00000007c0000000)
  eden space 350208K, 33% used [0x000000076ab00000,0x0000000771dadce0,0x0000000780100000)
  from space 17920K, 0% used [0x0000000781380000,0x0000000781380000,0x0000000782500000)
  to   space 18432K, 0% used [0x0000000780100000,0x0000000780100000,0x0000000781300000)
 ParOldGen       total 201728K, used 22939K [0x00000006c0000000, 0x00000006cc500000, 0x000000076ab00000)
  object space 201728K, 11% used [0x00000006c0000000,0x00000006c1666e98,0x00000006cc500000)
 Metaspace       used 40893K, capacity 42214K, committed 42496K, reserved 1087488K
  class space    used 4851K, capacity 5297K, committed 5376K, reserved 1048576K
GC Heap History (10 events):
Event: 283.716 GC heap before
{Heap before GC invocations=21 (full 9):
 PSYoungGen      total 369152K, used 2506K [0x000000076ab00000, 0x0000000782700000, 0x00000007c0000000)
  eden space 350208K, 0% used [0x000000076ab00000,0x000000076ab00000,0x0000000780100000)
  from space 18944K, 13% used [0x0000000781480000,0x00000007816f2920,0x0000000782700000)
  to   space 19456K, 0% used [0x0000000780100000,0x0000000780100000,0x0000000781400000)
 ParOldGen       total 201728K, used 22692K [0x00000006c0000000, 0x00000006cc500000, 0x000000076ab00000)
  object space 201728K, 11% used [0x00000006c0000000,0x00000006c1629280,0x00000006cc500000)
 Metaspace       used 40212K, capacity 41188K, committed 41344K, reserved 1085440K
  class space    used 4785K, capacity 5131K, committed 5248K, reserved 1048576K
Event: 283.812 GC heap after
Heap after GC invocations=21 (full 9):
 PSYoungGen      total 369152K, used 0K [0x000000076ab00000, 0x0000000782700000, 0x00000007c0000000)
  eden space 350208K, 0% used [0x000000076ab00000,0x000000076ab00000,0x0000000780100000)
  from space 18944K, 0% used [0x0000000781480000,0x0000000781480000,0x0000000782700000)
  to   space 19456K, 0% used [0x0000000780100000,0x0000000780100000,0x0000000781400000)
 ParOldGen       total 201728K, used 22754K [0x00000006c0000000, 0x00000006cc500000, 0x000000076ab00000)
  object space 201728K, 11% used [0x00000006c0000000,0x00000006c1638930,0x00000006cc500000)
 Metaspace       used 40206K, capacity 41176K, committed 41344K, reserved 1085440K
  class space    used 4784K, capacity 5128K, committed 5248K, reserved 1048576K
}
Event: 286.950 GC heap before
{Heap before GC invocations=22 (full 9):
 PSYoungGen      total 369152K, used 193804K [0x000000076ab00000, 0x0000000782700000, 0x00000007c0000000)
  eden space 350208K, 55% used [0x000000076ab00000,0x00000007768432b8,0x0000000780100000)
  from space 18944K, 0% used [0x0000000781480000,0x0000000781480000,0x0000000782700000)
  to   space 19456K, 0% used [0x0000000780100000,0x0000000780100000,0x0000000781400000)
 ParOldGen       total 201728K, used 22754K [0x00000006c0000000, 0x00000006cc500000, 0x000000076ab00000)
  object space 201728K, 11% used [0x00000006c0000000,0x00000006c1638930,0x00000006cc500000)
 Metaspace       used 40639K, capacity 41794K, committed 41856K, reserved 1085440K
  class space    used 4828K, capacity 5220K, committed 5248K, reserved 1048576K
Event: 286.953 GC heap after
Heap after GC invocations=22 (full 9):
 PSYoungGen      total 352768K, used 2538K [0x000000076ab00000, 0x0000000782600000, 0x00000007c0000000)
  eden space 350208K, 0% used [0x000000076ab00000,0x000000076ab00000,0x0000000780100000)
  from space 2560K, 99% used [0x0000000780100000,0x000000078037a920,0x0000000780380000)
  to   space 18944K, 0% used [0x0000000781380000,0x0000000781380000,0x0000000782600000)
 ParOldGen       total 201728K, used 22762K [0x00000006c0000000, 0x00000006cc500000, 0x000000076ab00000)
  object space 201728K, 11% used [0x00000006c0000000,0x00000006c163a930,0x00000006cc500000)
 Metaspace       used 40639K, capacity 41794K, committed 41856K, reserved 1085440K
  class space    used 4828K, capacity 5220K, committed 5248K, reserved 1048576K
}
Event: 286.953 GC heap before
{Heap before GC invocations=23 (full 10):
 PSYoungGen      total 352768K, used 2538K [0x000000076ab00000, 0x0000000782600000, 0x00000007c0000000)
  eden space 350208K, 0% used [0x000000076ab00000,0x000000076ab00000,0x0000000780100000)
  from space 2560K, 99% used [0x0000000780100000,0x000000078037a920,0x0000000780380000)
  to   space 18944K, 0% used [0x0000000781380000,0x0000000781380000,0x0000000782600000)
 ParOldGen       total 201728K, used 22762K [0x00000006c0000000, 0x00000006cc500000, 0x000000076ab00000)
  object space 201728K, 11% used [0x00000006c0000000,0x00000006c163a930,0x00000006cc500000)
 Metaspace       used 40639K, capacity 41794K, committed 41856K, reserved 1085440K
  class space    used 4828K, capacity 5220K, committed 5248K, reserved 1048576K
Event: 287.095 GC heap after
Heap after GC invocations=23 (full 10):
 PSYoungGen      total 352768K, used 0K [0x000000076ab00000, 0x0000000782600000, 0x00000007c0000000)
  eden space 350208K, 0% used [0x000000076ab00000,0x000000076ab00000,0x0000000780100000)
  from space 2560K, 0% used [0x0000000780100000,0x0000000780100000,0x0000000780380000)
  to   space 18944K, 0% used [0x0000000781380000,0x0000000781380000,0x0000000782600000)
 ParOldGen       total 201728K, used 22874K [0x00000006c0000000, 0x00000006cc500000, 0x000000076ab00000)
  object space 201728K, 11% used [0x00000006c0000000,0x00000006c1656b88,0x00000006cc500000)
 Metaspace       used 40632K, capacity 41782K, committed 41856K, reserved 1085440K
  class space    used 4827K, capacity 5217K, committed 5248K, reserved 1048576K
}
Event: 310.385 GC heap before
{Heap before GC invocations=24 (full 10):
 PSYoungGen      total 352768K, used 201704K [0x000000076ab00000, 0x0000000782600000, 0x00000007c0000000)
  eden space 350208K, 57% used [0x000000076ab00000,0x0000000776ffa180,0x0000000780100000)
  from space 2560K, 0% used [0x0000000780100000,0x0000000780100000,0x0000000780380000)
  to   space 18944K, 0% used [0x0000000781380000,0x0000000781380000,0x0000000782600000)
 ParOldGen       total 201728K, used 22874K [0x00000006c0000000, 0x00000006cc500000, 0x000000076ab00000)
  object space 201728K, 11% used [0x00000006c0000000,0x00000006c1656b88,0x00000006cc500000)
 Metaspace       used 40846K, capacity 42106K, committed 42240K, reserved 1085440K
  class space    used 4843K, capacity 5260K, committed 5376K, reserved 1048576K
Event: 310.387 GC heap after
Heap after GC invocations=24 (full 10):
 PSYoungGen      total 368128K, used 2506K [0x000000076ab00000, 0x0000000782500000, 0x00000007c0000000)
  eden space 350208K, 0% used [0x000000076ab00000,0x000000076ab00000,0x0000000780100000)
  from space 17920K, 13% used [0x0000000781380000,0x00000007815f2920,0x0000000782500000)
  to   space 18432K, 0% used [0x0000000780100000,0x0000000780100000,0x0000000781300000)
 ParOldGen       total 201728K, used 22882K [0x00000006c0000000, 0x00000006cc500000, 0x000000076ab00000)
  object space 201728K, 11% used [0x00000006c0000000,0x00000006c1658b88,0x00000006cc500000)
 Metaspace       used 40846K, capacity 42106K, committed 42240K, reserved 1085440K
  class space    used 4843K, capacity 5260K, committed 5376K, reserved 1048576K
}
Event: 310.387 GC heap before
{Heap before GC invocations=25 (full 11):
 PSYoungGen      total 368128K, used 2506K [0x000000076ab00000, 0x0000000782500000, 0x00000007c0000000)
  eden space 350208K, 0% used [0x000000076ab00000,0x000000076ab00000,0x0000000780100000)
  from space 17920K, 13% used [0x0000000781380000,0x00000007815f2920,0x0000000782500000)
  to   space 18432K, 0% used [0x0000000780100000,0x0000000780100000,0x0000000781300000)
 ParOldGen       total 201728K, used 22882K [0x00000006c0000000, 0x00000006cc500000, 0x000000076ab00000)
  object space 201728K, 11% used [0x00000006c0000000,0x00000006c1658b88,0x00000006cc500000)
 Metaspace       used 40846K, capacity 42106K, committed 42240K, reserved 1085440K
  class space    used 4843K, capacity 5260K, committed 5376K, reserved 1048576K
Event: 310.479 GC heap after
Heap after GC invocations=25 (full 11):
 PSYoungGen      total 368128K, used 0K [0x000000076ab00000, 0x0000000782500000, 0x00000007c0000000)
  eden space 350208K, 0% used [0x000000076ab00000,0x000000076ab00000,0x0000000780100000)
  from space 17920K, 0% used [0x0000000781380000,0x0000000781380000,0x0000000782500000)
  to   space 18432K, 0% used [0x0000000780100000,0x0000000780100000,0x0000000781300000)
 ParOldGen       total 201728K, used 22939K [0x00000006c0000000, 0x00000006cc500000, 0x000000076ab00000)
  object space 201728K, 11% used [0x00000006c0000000,0x00000006c1666e98,0x00000006cc500000)
 Metaspace       used 40840K, capacity 42094K, committed 42240K, reserved 1085440K
  class space    used 4842K, capacity 5257K, committed 5376K, reserved 1048576K
}

