# JRE version: Java(TM) SE Runtime Environment (8.0_73-b02) (build 1.8.0_73-b02)
# Java VM: Java HotSpot(TM) 64-Bit Server VM (25.73-b02 mixed mode bsd-amd64 compressed oops)
Heap:
 PSYoungGen      total 181760K, used 153177K [0x000000076ab00000, 0x0000000777880000, 0x00000007c0000000)
  eden space 160768K, 95% used [0x000000076ab00000,0x0000000774096490,0x0000000774800000)
  from space 20992K, 0% used [0x0000000775d00000,0x0000000775d00000,0x0000000777180000)
  to   space 21504K, 0% used [0x0000000774800000,0x0000000774800000,0x0000000775d00000)
 ParOldGen       total 194048K, used 21015K [0x00000006c0000000, 0x00000006cbd80000, 0x000000076ab00000)
  object space 194048K, 10% used [0x00000006c0000000,0x00000006c1485d48,0x00000006cbd80000)
 Metaspace       used 36272K, capacity 36634K, committed 36904K, reserved 1081344K
  class space    used 4379K, capacity 4480K, committed 4480K, reserved 1048576K
GC Heap History (10 events):
Event: 6.581 GC heap before
{Heap before GC invocations=7 (full 1):
 PSYoungGen      total 100864K, used 100858K [0x000000076ab00000, 0x0000000774380000, 0x00000007c0000000)
  eden space 90112K, 100% used [0x000000076ab00000,0x0000000770300000,0x0000000770300000)
  from space 10752K, 99% used [0x0000000770300000,0x0000000770d7e890,0x0000000770d80000)
  to   space 16384K, 0% used [0x0000000773380000,0x0000000773380000,0x0000000774380000)
 ParOldGen       total 119808K, used 12949K [0x00000006c0000000, 0x00000006c7500000, 0x000000076ab00000)
  object space 119808K, 10% used [0x00000006c0000000,0x00000006c0ca57e8,0x00000006c7500000)
 Metaspace       used 31317K, capacity 31730K, committed 32128K, reserved 1077248K
  class space    used 3828K, capacity 3935K, committed 3968K, reserved 1048576K
Event: 6.591 GC heap after
Heap after GC invocations=7 (full 1):
 PSYoungGen      total 132608K, used 12252K [0x000000076ab00000, 0x0000000774100000, 0x00000007c0000000)
  eden space 118784K, 0% used [0x000000076ab00000,0x000000076ab00000,0x0000000771f00000)
  from space 13824K, 88% used [0x0000000773380000,0x0000000773f771d8,0x0000000774100000)
  to   space 17408K, 0% used [0x0000000771f00000,0x0000000771f00000,0x0000000773000000)
 ParOldGen       total 119808K, used 12957K [0x00000006c0000000, 0x00000006c7500000, 0x000000076ab00000)
  object space 119808K, 10% used [0x00000006c0000000,0x00000006c0ca77e8,0x00000006c7500000)
 Metaspace       used 31317K, capacity 31730K, committed 32128K, reserved 1077248K
  class space    used 3828K, capacity 3935K, committed 3968K, reserved 1048576K
}
Event: 7.317 GC heap before
{Heap before GC invocations=8 (full 1):
 PSYoungGen      total 132608K, used 108843K [0x000000076ab00000, 0x0000000774100000, 0x00000007c0000000)
  eden space 118784K, 81% used [0x000000076ab00000,0x0000000770953aa0,0x0000000771f00000)
  from space 13824K, 88% used [0x0000000773380000,0x0000000773f771d8,0x0000000774100000)
  to   space 17408K, 0% used [0x0000000771f00000,0x0000000771f00000,0x0000000773000000)
 ParOldGen       total 119808K, used 12957K [0x00000006c0000000, 0x00000006c7500000, 0x000000076ab00000)
  object space 119808K, 10% used [0x00000006c0000000,0x00000006c0ca77e8,0x00000006c7500000)
 Metaspace       used 34858K, capacity 35234K, committed 35496K, reserved 1081344K
  class space    used 4236K, capacity 4337K, committed 4352K, reserved 1048576K
Event: 7.331 GC heap after
Heap after GC invocations=8 (full 1):
 PSYoungGen      total 136192K, used 17407K [0x000000076ab00000, 0x0000000777180000, 0x00000007c0000000)
  eden space 118784K, 0% used [0x000000076ab00000,0x000000076ab00000,0x0000000771f00000)
  from space 17408K, 99% used [0x0000000771f00000,0x0000000772fffd10,0x0000000773000000)
  to   space 20992K, 0% used [0x0000000775d00000,0x0000000775d00000,0x0000000777180000)
 ParOldGen       total 119808K, used 13691K [0x00000006c0000000, 0x00000006c7500000, 0x000000076ab00000)
  object space 119808K, 11% used [0x00000006c0000000,0x00000006c0d5ed38,0x00000006c7500000)
 Metaspace       used 34858K, capacity 35234K, committed 35496K, reserved 1081344K
  class space    used 4236K, capacity 4337K, committed 4352K, reserved 1048576K
}
Event: 7.331 GC heap before
{Heap before GC invocations=9 (full 2):
 PSYoungGen      total 136192K, used 17407K [0x000000076ab00000, 0x0000000777180000, 0x00000007c0000000)
  eden space 118784K, 0% used [0x000000076ab00000,0x000000076ab00000,0x0000000771f00000)
  from space 17408K, 99% used [0x0000000771f00000,0x0000000772fffd10,0x0000000773000000)
  to   space 20992K, 0% used [0x0000000775d00000,0x0000000775d00000,0x0000000777180000)
 ParOldGen       total 119808K, used 13691K [0x00000006c0000000, 0x00000006c7500000, 0x000000076ab00000)
  object space 119808K, 11% used [0x00000006c0000000,0x00000006c0d5ed38,0x00000006c7500000)
 Metaspace       used 34858K, capacity 35234K, committed 35496K, reserved 1081344K
  class space    used 4236K, capacity 4337K, committed 4352K, reserved 1048576K
Event: 7.411 GC heap after
Heap after GC invocations=9 (full 2):
 PSYoungGen      total 136192K, used 0K [0x000000076ab00000, 0x0000000777180000, 0x00000007c0000000)
  eden space 118784K, 0% used [0x000000076ab00000,0x000000076ab00000,0x0000000771f00000)
  from space 17408K, 0% used [0x0000000771f00000,0x0000000771f00000,0x0000000773000000)
  to   space 20992K, 0% used [0x0000000775d00000,0x0000000775d00000,0x0000000777180000)
 ParOldGen       total 194048K, used 26446K [0x00000006c0000000, 0x00000006cbd80000, 0x000000076ab00000)
  object space 194048K, 13% used [0x00000006c0000000,0x00000006c19d3930,0x00000006cbd80000)
 Metaspace       used 34858K, capacity 35234K, committed 35496K, reserved 1081344K
  class space    used 4236K, capacity 4337K, committed 4352K, reserved 1048576K
}
Event: 21.084 GC heap before
{Heap before GC invocations=10 (full 2):
 PSYoungGen      total 136192K, used 47749K [0x000000076ab00000, 0x0000000777180000, 0x00000007c0000000)
  eden space 118784K, 40% used [0x000000076ab00000,0x000000076d9a16e8,0x0000000771f00000)
  from space 17408K, 0% used [0x0000000771f00000,0x0000000771f00000,0x0000000773000000)
  to   space 20992K, 0% used [0x0000000775d00000,0x0000000775d00000,0x0000000777180000)
 ParOldGen       total 194048K, used 26446K [0x00000006c0000000, 0x00000006cbd80000, 0x000000076ab00000)
  object space 194048K, 13% used [0x00000006c0000000,0x00000006c19d3930,0x00000006cbd80000)
 Metaspace       used 35871K, capacity 36272K, committed 36648K, reserved 1081344K
  class space    used 4366K, capacity 4470K, committed 4480K, reserved 1048576K
Event: 21.087 GC heap after
Heap after GC invocations=10 (full 2):
 PSYoungGen      total 181760K, used 1863K [0x000000076ab00000, 0x0000000777880000, 0x00000007c0000000)
  eden space 160768K, 0% used [0x000000076ab00000,0x000000076ab00000,0x0000000774800000)
  from space 20992K, 8% used [0x0000000775d00000,0x0000000775ed1ce8,0x0000000777180000)
  to   space 21504K, 0% used [0x0000000774800000,0x0000000774800000,0x0000000775d00000)
 ParOldGen       total 194048K, used 26454K [0x00000006c0000000, 0x00000006cbd80000, 0x000000076ab00000)
  object space 194048K, 13% used [0x00000006c0000000,0x00000006c19d5930,0x00000006cbd80000)
 Metaspace       used 35871K, capacity 36272K, committed 36648K, reserved 1081344K
  class space    used 4366K, capacity 4470K, committed 4480K, reserved 1048576K
}
Event: 21.087 GC heap before
{Heap before GC invocations=11 (full 3):
 PSYoungGen      total 181760K, used 1863K [0x000000076ab00000, 0x0000000777880000, 0x00000007c0000000)
  eden space 160768K, 0% used [0x000000076ab00000,0x000000076ab00000,0x0000000774800000)
  from space 20992K, 8% used [0x0000000775d00000,0x0000000775ed1ce8,0x0000000777180000)
  to   space 21504K, 0% used [0x0000000774800000,0x0000000774800000,0x0000000775d00000)
 ParOldGen       total 194048K, used 26454K [0x00000006c0000000, 0x00000006cbd80000, 0x000000076ab00000)
  object space 194048K, 13% used [0x00000006c0000000,0x00000006c19d5930,0x00000006cbd80000)
 Metaspace       used 35871K, capacity 36272K, committed 36648K, reserved 1081344K
  class space    used 4366K, capacity 4470K, committed 4480K, reserved 1048576K
Event: 21.204 GC heap after
Heap after GC invocations=11 (full 3):
 PSYoungGen      total 181760K, used 0K [0x000000076ab00000, 0x0000000777880000, 0x00000007c0000000)
  eden space 160768K, 0% used [0x000000076ab00000,0x000000076ab00000,0x0000000774800000)
  from space 20992K, 0% used [0x0000000775d00000,0x0000000775d00000,0x0000000777180000)
  to   space 21504K, 0% used [0x0000000774800000,0x0000000774800000,0x0000000775d00000)
 ParOldGen       total 194048K, used 21015K [0x00000006c0000000, 0x00000006cbd80000, 0x000000076ab00000)
  object space 194048K, 10% used [0x00000006c0000000,0x00000006c1485d48,0x00000006cbd80000)
 Metaspace       used 35869K, capacity 36266K, committed 36648K, reserved 1081344K
  class space    used 4365K, capacity 4468K, committed 4480K, reserved 1048576K
}

