# JRE version: Java(TM) SE Runtime Environment (8.0_73-b02) (build 1.8.0_73-b02)
# Java VM: Java HotSpot(TM) 64-Bit Server VM (25.73-b02 mixed mode bsd-amd64 compressed oops)
Heap:
 PSYoungGen      total 173568K, used 149495K [0x000000076ab00000, 0x0000000777480000, 0x00000007c0000000)
  eden space 152576K, 97% used [0x000000076ab00000,0x0000000773cfdeb8,0x0000000774000000)
  from space 20992K, 0% used [0x0000000775480000,0x0000000775480000,0x0000000776900000)
  to   space 20992K, 0% used [0x0000000774000000,0x0000000774000000,0x0000000775480000)
 ParOldGen       total 194048K, used 23787K [0x00000006c0000000, 0x00000006cbd80000, 0x000000076ab00000)
  object space 194048K, 12% used [0x00000006c0000000,0x00000006c173afe8,0x00000006cbd80000)
 Metaspace       used 38142K, capacity 38640K, committed 38784K, reserved 1083392K
  class space    used 4613K, capacity 4726K, committed 4736K, reserved 1048576K
GC Heap History (10 events):
Event: 12.693 GC heap before
{Heap before GC invocations=7 (full 1):
 PSYoungGen      total 99328K, used 98949K [0x000000076ab00000, 0x0000000773e80000, 0x00000007c0000000)
  eden space 88576K, 100% used [0x000000076ab00000,0x0000000770180000,0x0000000770180000)
  from space 10752K, 96% used [0x0000000770180000,0x0000000770ba1638,0x0000000770c00000)
  to   space 15872K, 0% used [0x0000000772f00000,0x0000000772f00000,0x0000000773e80000)
 ParOldGen       total 121344K, used 12958K [0x00000006c0000000, 0x00000006c7680000, 0x000000076ab00000)
  object space 121344K, 10% used [0x00000006c0000000,0x00000006c0ca79f0,0x00000006c7680000)
 Metaspace       used 31076K, capacity 31442K, committed 31872K, reserved 1077248K
  class space    used 3789K, capacity 3903K, committed 3968K, reserved 1048576K
Event: 12.703 GC heap after
Heap after GC invocations=7 (full 1):
 PSYoungGen      total 126976K, used 11839K [0x000000076ab00000, 0x0000000773b80000, 0x00000007c0000000)
  eden space 114176K, 0% used [0x000000076ab00000,0x000000076ab00000,0x0000000771a80000)
  from space 12800K, 92% used [0x0000000772f00000,0x0000000773a8fef8,0x0000000773b80000)
  to   space 16896K, 0% used [0x0000000771a80000,0x0000000771a80000,0x0000000772b00000)
 ParOldGen       total 121344K, used 12966K [0x00000006c0000000, 0x00000006c7680000, 0x000000076ab00000)
  object space 121344K, 10% used [0x00000006c0000000,0x00000006c0ca99f0,0x00000006c7680000)
 Metaspace       used 31076K, capacity 31442K, committed 31872K, reserved 1077248K
  class space    used 3789K, capacity 3903K, committed 3968K, reserved 1048576K
}
Event: 13.432 GC heap before
{Heap before GC invocations=8 (full 1):
 PSYoungGen      total 126976K, used 114903K [0x000000076ab00000, 0x0000000773b80000, 0x00000007c0000000)
  eden space 114176K, 90% used [0x000000076ab00000,0x0000000770fa5d50,0x0000000771a80000)
  from space 12800K, 92% used [0x0000000772f00000,0x0000000773a8fef8,0x0000000773b80000)
  to   space 16896K, 0% used [0x0000000771a80000,0x0000000771a80000,0x0000000772b00000)
 ParOldGen       total 121344K, used 12966K [0x00000006c0000000, 0x00000006c7680000, 0x000000076ab00000)
  object space 121344K, 10% used [0x00000006c0000000,0x00000006c0ca99f0,0x00000006c7680000)
 Metaspace       used 34852K, capacity 35234K, committed 35496K, reserved 1081344K
  class space    used 4232K, capacity 4337K, committed 4352K, reserved 1048576K
Event: 13.445 GC heap after
Heap after GC invocations=8 (full 1):
 PSYoungGen      total 131072K, used 16895K [0x000000076ab00000, 0x0000000776900000, 0x00000007c0000000)
  eden space 114176K, 0% used [0x000000076ab00000,0x000000076ab00000,0x0000000771a80000)
  from space 16896K, 99% used [0x0000000771a80000,0x0000000772affff8,0x0000000772b00000)
  to   space 20992K, 0% used [0x0000000775480000,0x0000000775480000,0x0000000776900000)
 ParOldGen       total 121344K, used 14434K [0x00000006c0000000, 0x00000006c7680000, 0x000000076ab00000)
  object space 121344K, 11% used [0x00000006c0000000,0x00000006c0e18970,0x00000006c7680000)
 Metaspace       used 34852K, capacity 35234K, committed 35496K, reserved 1081344K
  class space    used 4232K, capacity 4337K, committed 4352K, reserved 1048576K
}
Event: 13.445 GC heap before
{Heap before GC invocations=9 (full 2):
 PSYoungGen      total 131072K, used 16895K [0x000000076ab00000, 0x0000000776900000, 0x00000007c0000000)
  eden space 114176K, 0% used [0x000000076ab00000,0x000000076ab00000,0x0000000771a80000)
  from space 16896K, 99% used [0x0000000771a80000,0x0000000772affff8,0x0000000772b00000)
  to   space 20992K, 0% used [0x0000000775480000,0x0000000775480000,0x0000000776900000)
 ParOldGen       total 121344K, used 14434K [0x00000006c0000000, 0x00000006c7680000, 0x000000076ab00000)
  object space 121344K, 11% used [0x00000006c0000000,0x00000006c0e18970,0x00000006c7680000)
 Metaspace       used 34852K, capacity 35234K, committed 35496K, reserved 1081344K
  class space    used 4232K, capacity 4337K, committed 4352K, reserved 1048576K
Event: 13.523 GC heap after
Heap after GC invocations=9 (full 2):
 PSYoungGen      total 131072K, used 0K [0x000000076ab00000, 0x0000000776900000, 0x00000007c0000000)
  eden space 114176K, 0% used [0x000000076ab00000,0x000000076ab00000,0x0000000771a80000)
  from space 16896K, 0% used [0x0000000771a80000,0x0000000771a80000,0x0000000772b00000)
  to   space 20992K, 0% used [0x0000000775480000,0x0000000775480000,0x0000000776900000)
 ParOldGen       total 194048K, used 26765K [0x00000006c0000000, 0x00000006cbd80000, 0x000000076ab00000)
  object space 194048K, 13% used [0x00000006c0000000,0x00000006c1a23460,0x00000006cbd80000)
 Metaspace       used 34852K, capacity 35234K, committed 35496K, reserved 1081344K
  class space    used 4232K, capacity 4337K, committed 4352K, reserved 1048576K
}
Event: 58.384 GC heap before
{Heap before GC invocations=10 (full 2):
 PSYoungGen      total 131072K, used 62679K [0x000000076ab00000, 0x0000000776900000, 0x00000007c0000000)
  eden space 114176K, 54% used [0x000000076ab00000,0x000000076e835f88,0x0000000771a80000)
  from space 16896K, 0% used [0x0000000771a80000,0x0000000771a80000,0x0000000772b00000)
  to   space 20992K, 0% used [0x0000000775480000,0x0000000775480000,0x0000000776900000)
 ParOldGen       total 194048K, used 26765K [0x00000006c0000000, 0x00000006cbd80000, 0x000000076ab00000)
  object space 194048K, 13% used [0x00000006c0000000,0x00000006c1a23460,0x00000006cbd80000)
 Metaspace       used 37645K, capacity 38080K, committed 38272K, reserved 1083392K
  class space    used 4587K, capacity 4714K, committed 4736K, reserved 1048576K
Event: 58.388 GC heap after
Heap after GC invocations=10 (full 2):
 PSYoungGen      total 173568K, used 3439K [0x000000076ab00000, 0x0000000777480000, 0x00000007c0000000)
  eden space 152576K, 0% used [0x000000076ab00000,0x000000076ab00000,0x0000000774000000)
  from space 20992K, 16% used [0x0000000775480000,0x00000007757dbf10,0x0000000776900000)
  to   space 20992K, 0% used [0x0000000774000000,0x0000000774000000,0x0000000775480000)
 ParOldGen       total 194048K, used 26773K [0x00000006c0000000, 0x00000006cbd80000, 0x000000076ab00000)
  object space 194048K, 13% used [0x00000006c0000000,0x00000006c1a25460,0x00000006cbd80000)
 Metaspace       used 37645K, capacity 38080K, committed 38272K, reserved 1083392K
  class space    used 4587K, capacity 4714K, committed 4736K, reserved 1048576K
}
Event: 58.388 GC heap before
{Heap before GC invocations=11 (full 3):
 PSYoungGen      total 173568K, used 3439K [0x000000076ab00000, 0x0000000777480000, 0x00000007c0000000)
  eden space 152576K, 0% used [0x000000076ab00000,0x000000076ab00000,0x0000000774000000)
  from space 20992K, 16% used [0x0000000775480000,0x00000007757dbf10,0x0000000776900000)
  to   space 20992K, 0% used [0x0000000774000000,0x0000000774000000,0x0000000775480000)
 ParOldGen       total 194048K, used 26773K [0x00000006c0000000, 0x00000006cbd80000, 0x000000076ab00000)
  object space 194048K, 13% used [0x00000006c0000000,0x00000006c1a25460,0x00000006cbd80000)
 Metaspace       used 37645K, capacity 38080K, committed 38272K, reserved 1083392K
  class space    used 4587K, capacity 4714K, committed 4736K, reserved 1048576K
Event: 58.511 GC heap after
Heap after GC invocations=11 (full 3):
 PSYoungGen      total 173568K, used 0K [0x000000076ab00000, 0x0000000777480000, 0x00000007c0000000)
  eden space 152576K, 0% used [0x000000076ab00000,0x000000076ab00000,0x0000000774000000)
  from space 20992K, 0% used [0x0000000775480000,0x0000000775480000,0x0000000776900000)
  to   space 20992K, 0% used [0x0000000774000000,0x0000000774000000,0x0000000775480000)
 ParOldGen       total 194048K, used 23787K [0x00000006c0000000, 0x00000006cbd80000, 0x000000076ab00000)
  object space 194048K, 12% used [0x00000006c0000000,0x00000006c173afe8,0x00000006cbd80000)
 Metaspace       used 37645K, capacity 38080K, committed 38272K, reserved 1083392K
  class space    used 4587K, capacity 4714K, committed 4736K, reserved 1048576K
}

